Arguments: 
  /usr/local/Cellar/node/8.5.0/bin/node /usr/local/bin/yarn lint

PATH: 
  /Users/devin/code/blockchain/ethmoji/ethmoji-avatar/node_modules/.bin:/Users/devin/.config/yarn/link/node_modules/.bin:/Users/devin/code/blockchain/ethmoji/ethmoji-avatar/node_modules/.bin:/Users/devin/.config/yarn/link/node_modules/.bin:/usr/local/Cellar/node/8.5.0/libexec/lib/node_modules/npm/bin/node-gyp-bin:/usr/local/Cellar/node/8.5.0/lib/node_modules/npm/bin/node-gyp-bin:/usr/local/Cellar/node/8.5.0/bin/node_modules/npm/bin/node-gyp-bin:/Users/devin/anaconda/bin:/usr/local/heroku/bin:/Users/devin/.cargo/bin:/usr/local/opt/python/libexec/bin:/usr/local/bin:/usr/bin:/bin:/usr/sbin:/sbin:/opt/X11/bin:/usr/local/git/bin

Yarn version: 
  1.5.1

Node version: 
  8.5.0

Platform: 
  darwin x64

npm manifest: 
  {
    "name": "ethmoji-js",
    "version": "0.0.1",
    "description": "Add an Ethmoji avatar for users of your dapp",
    "main": "index.js",
    "scripts": {
      "test": "scripts/test.sh",
      "lint": "scripts/lint.sh",
      "build": "scripts/build.sh",
      "abi_gen": "scripts/abi_gen.sh",
      "const_gen": "node scripts/const_gen.js"
    },
    "repository": {
      "type": "git",
      "url": "git+https://github.com/ProjectOpenSea/ethmoji-avatar.git"
    },
    "keywords": [
      "ethereum",
      "ethmoji",
      "smart-contracts"
    ],
    "author": "support@opensea.io",
    "license": "ISC",
    "bugs": {
      "url": "https://github.com/ProjectOpenSea/ethmoji-avatar/issues"
    },
    "homepage": "https://github.com/ProjectOpenSea/ethmoji-avatar#readme",
    "dependencies": {
      "typescript": "^2.6.2",
      "web3": "^0.20.4",
      "json-loader": "^0.5.7",
      "jsonschema": "^1.2.2"
    }
  }

yarn manifest: 
  No manifest

Lockfile: 
  # THIS IS AN AUTOGENERATED FILE. DO NOT EDIT THIS FILE DIRECTLY.
  # yarn lockfile v1
  
  
  "bignumber.js@git+https://github.com/frozeman/bignumber.js-nolookahead.git":
    version "2.0.7"
    resolved "git+https://github.com/frozeman/bignumber.js-nolookahead.git#57692b3ecfc98bbdd6b3a516cb2353652ea49934"
  
  crypto-js@^3.1.4:
    version "3.1.8"
    resolved "https://registry.yarnpkg.com/crypto-js/-/crypto-js-3.1.8.tgz#715f070bf6014f2ae992a98b3929258b713f08d5"
  
  json-loader@^0.5.7:
    version "0.5.7"
    resolved "https://registry.yarnpkg.com/json-loader/-/json-loader-0.5.7.tgz#dca14a70235ff82f0ac9a3abeb60d337a365185d"
  
  jsonschema@^1.2.2:
    version "1.2.2"
    resolved "https://registry.yarnpkg.com/jsonschema/-/jsonschema-1.2.2.tgz#83ab9c63d65bf4d596f91d81195e78772f6452bc"
  
  typescript@^2.6.2:
    version "2.7.2"
    resolved "https://registry.yarnpkg.com/typescript/-/typescript-2.7.2.tgz#2d615a1ef4aee4f574425cdff7026edf81919836"
  
  utf8@^2.1.1:
    version "2.1.2"
    resolved "https://registry.yarnpkg.com/utf8/-/utf8-2.1.2.tgz#1fa0d9270e9be850d9b05027f63519bf46457d96"
  
  web3@^0.20.4:
    version "0.20.5"
    resolved "https://registry.yarnpkg.com/web3/-/web3-0.20.5.tgz#c5048d35f7bf4e2c4c280ce51fbbbc951290b165"
    dependencies:
      bignumber.js "git+https://github.com/frozeman/bignumber.js-nolookahead.git"
      crypto-js "^3.1.4"
      utf8 "^2.1.1"
      xhr2 "*"
      xmlhttprequest "*"
  
  xhr2@*:
    version "0.1.4"
    resolved "https://registry.yarnpkg.com/xhr2/-/xhr2-0.1.4.tgz#7f87658847716db5026323812f818cadab387a5f"
  
  xmlhttprequest@*:
    version "1.8.0"
    resolved "https://registry.yarnpkg.com/xmlhttprequest/-/xmlhttprequest-1.8.0.tgz#67fe075c5c24fef39f9d65f5f7b7fe75171968fc"

Trace: 
  Error: Command failed.
  Exit code: 127
  Command: sh
  Arguments: -c scripts/lint.sh
  Directory: /Users/devin/code/blockchain/ethmoji/ethmoji-avatar
  Output:
  
      at ProcessTermError.MessageError (/usr/local/lib/node_modules/yarn/lib/cli.js:186:110)
      at new ProcessTermError (/usr/local/lib/node_modules/yarn/lib/cli.js:226:113)
      at ChildProcess.<anonymous> (/usr/local/lib/node_modules/yarn/lib/cli.js:30281:17)
      at emitTwo (events.js:125:13)
      at ChildProcess.emit (events.js:213:7)
      at maybeClose (internal/child_process.js:927:16)
      at Process.ChildProcess._handle.onexit (internal/child_process.js:211:5)
